{"/Users/hugomelo/bocacode/hello-unit-test/src/index.js": {"path":"/Users/hugomelo/bocacode/hello-unit-test/src/index.js","statementMap":{"0":{"start":{"line":1,"column":19},"end":{"line":11,"column":1}},"1":{"start":{"line":3,"column":4},"end":{"line":5,"column":5}},"2":{"start":{"line":4,"column":8},"end":{"line":4,"column":41}},"3":{"start":{"line":5,"column":6},"end":{"line":7,"column":5}},"4":{"start":{"line":6,"column":8},"end":{"line":6,"column":41}},"5":{"start":{"line":10,"column":4},"end":{"line":10,"column":17}}},"fnMap":{"0":{"name":"(anonymous_0)","decl":{"start":{"line":1,"column":19},"end":{"line":1,"column":20}},"loc":{"start":{"line":1,"column":29},"end":{"line":11,"column":1}},"line":1}},"branchMap":{"0":{"loc":{"start":{"line":3,"column":4},"end":{"line":5,"column":5}},"type":"if","locations":[{"start":{"line":3,"column":4},"end":{"line":5,"column":5}},{"start":{},"end":{}}],"line":3},"1":{"loc":{"start":{"line":3,"column":7},"end":{"line":3,"column":15}},"type":"binary-expr","locations":[{"start":{"line":3,"column":7},"end":{"line":3,"column":9}},{"start":{"line":3,"column":13},"end":{"line":3,"column":15}}],"line":3},"2":{"loc":{"start":{"line":5,"column":6},"end":{"line":7,"column":5}},"type":"if","locations":[{"start":{"line":5,"column":6},"end":{"line":7,"column":5}},{"start":{},"end":{}}],"line":5},"3":{"loc":{"start":{"line":5,"column":10},"end":{"line":5,"column":56}},"type":"binary-expr","locations":[{"start":{"line":5,"column":10},"end":{"line":5,"column":31}},{"start":{"line":5,"column":35},"end":{"line":5,"column":56}}],"line":5}},"s":{"0":1,"1":3,"2":1,"3":2,"4":1,"5":1},"f":{"0":3},"b":{"0":[1,2],"1":[3,2],"2":[1,1],"3":[2,1]},"_coverageSchema":"1a1c01bbd47fc00a2c39e90264f33305004495a9","hash":"2a03b3275131bab3e95347834235116d831437e3"}
}
